{"name": "test_quality", "status": "failed", "statusDetails": {"message": "AssertionError: assert 10 == 11", "trace": "@pytest.mark.others\n    def test_quality():\n>       assert 10 ==11\nE       assert 10 == 11\n\ntest_request.py:25: AssertionError"}, "start": 1692067309152, "stop": 1692067309152, "uuid": "c6b8ab56-2283-4eeb-82ea-db7e37fc0bae", "historyId": "bfd61b170d043232df8b694b6c08ec6e", "testCaseId": "bfd61b170d043232df8b694b6c08ec6e", "fullName": "test_request#test_quality", "labels": [{"name": "tag", "value": "others"}, {"name": "suite", "value": "test_request"}, {"name": "host", "value": "whtdeMacBook-Pro.local"}, {"name": "thread", "value": "65866-MainThread"}, {"name": "framework", "value": "pytest"}, {"name": "language", "value": "cpython3"}, {"name": "package", "value": "test_request"}]}