{"name": "test_square", "status": "failed", "statusDetails": {"message": "AssertionError: assert (7 * 7) == 40", "trace": "@pytest.mark.less\n    def test_square():\n        num = 7\n>       assert 7*7 == 40\nE       assert (7 * 7) == 40\n\ntest_request.py:21: AssertionError"}, "start": 1692067309145, "stop": 1692067309145, "uuid": "0a2642be-ab36-4a82-bac2-153a0be9636f", "historyId": "3dc42a70a9f437d7a45874142ac73fd6", "testCaseId": "3dc42a70a9f437d7a45874142ac73fd6", "fullName": "test_request#test_square", "labels": [{"name": "tag", "value": "less"}, {"name": "suite", "value": "test_request"}, {"name": "host", "value": "whtdeMacBook-Pro.local"}, {"name": "thread", "value": "65866-MainThread"}, {"name": "framework", "value": "pytest"}, {"name": "language", "value": "cpython3"}, {"name": "package", "value": "test_request"}]}