{"name": "test_quality", "status": "failed", "statusDetails": {"message": "AssertionError: assert 10 == 11", "trace": "@allure.severity(allure.severity_level.MINOR)\n    @pytest.mark.others\n    def test_quality():\n>       assert 10 ==11\nE       assert 10 == 11\n\ntest_request.py:29: AssertionError"}, "start": 1692071014293, "stop": 1692071014293, "uuid": "86b4655e-6d1d-405c-90d2-9724a0306a4b", "historyId": "bfd61b170d043232df8b694b6c08ec6e", "testCaseId": "bfd61b170d043232df8b694b6c08ec6e", "fullName": "test_request#test_quality", "labels": [{"name": "severity", "value": "minor"}, {"name": "tag", "value": "others"}, {"name": "suite", "value": "test_request"}, {"name": "host", "value": "whtdeMacBook-Pro.local"}, {"name": "thread", "value": "66349-MainThread"}, {"name": "framework", "value": "pytest"}, {"name": "language", "value": "cpython3"}, {"name": "package", "value": "test_request"}]}