{"name": "test_divisible_by_6", "status": "failed", "statusDetails": {"message": "AssertionError: assert (39 % 6) == 0", "trace": "input_value = 39\n\n    def test_divisible_by_6(input_value):\n>       assert  input_value % 6 == 0\nE       assert (39 % 6) == 0\n\ntest_div_by_3_6.py:7: AssertionError"}, "start": 1692071014209, "stop": 1692071014209, "uuid": "4d518711-99e2-46d3-855c-073a206e98a4", "historyId": "a8104418aab4ba63e6decb0cab16bf8e", "testCaseId": "a8104418aab4ba63e6decb0cab16bf8e", "fullName": "test_div_by_3_6#test_divisible_by_6", "labels": [{"name": "suite", "value": "test_div_by_3_6"}, {"name": "host", "value": "whtdeMacBook-Pro.local"}, {"name": "thread", "value": "66349-MainThread"}, {"name": "framework", "value": "pytest"}, {"name": "language", "value": "cpython3"}, {"name": "package", "value": "test_div_by_3_6"}]}