{"name": "test_square", "status": "failed", "statusDetails": {"message": "AssertionError: assert (7 * 7) == 40", "trace": "@allure.severity(allure.severity_level.NORMAL)\n    @pytest.mark.less\n    def test_square():\n        num = 7\n>       assert 7*7 == 40\nE       assert (7 * 7) == 40\n\ntest_request.py:24: AssertionError"}, "start": 1692071014264, "stop": 1692071014264, "uuid": "bb34c590-9539-455d-a1bc-09e786babe99", "historyId": "3dc42a70a9f437d7a45874142ac73fd6", "testCaseId": "3dc42a70a9f437d7a45874142ac73fd6", "fullName": "test_request#test_square", "labels": [{"name": "severity", "value": "normal"}, {"name": "tag", "value": "less"}, {"name": "suite", "value": "test_request"}, {"name": "host", "value": "whtdeMacBook-Pro.local"}, {"name": "thread", "value": "66349-MainThread"}, {"name": "framework", "value": "pytest"}, {"name": "language", "value": "cpython3"}, {"name": "package", "value": "test_request"}]}