<?xml version="1.0" encoding="utf-8"?><testsuites><testsuite name="pytest" errors="0" failures="0" skipped="0" tests="4" time="0.027" timestamp="2023-08-14T15:11:14.519141" hostname="whtdeMacBook-Pro.local"><testcase classname="request.test_multiplication" name="test_multiplicationn_11[1-11]" time="0.001" /><testcase classname="request.test_multiplication" name="test_multiplicationn_11[2-22]" time="0.001" /><testcase classname="request.test_multiplication" name="test_multiplicationn_11[3-33]" time="0.001" /><testcase classname="request.test_multiplication" name="test_multiplicationn_11[4-44]" time="0.001" /></testsuite></testsuites>